
> myfirstexpressapp@0.0.0 start /students/danu7_nj/myFirstExpressApp
> node ./bin/www

(node:8516) DeprecationWarning: current URL string parser is deprecated, and will be removed in a future version. To use the new parser, pass option { useNewUrlParser: true } to MongoClient.connect.
[0mGET / [36m304 [0m184.654 ms - -[0m
[0mGET /javascripts/hello.js [36m304 [0m5.174 ms - -[0m
[0mGET /stylesheets/style.css [36m304 [0m1.244 ms - -[0m
[0mGET /javascripts/example.js [36m304 [0m0.754 ms - -[0m
[0mGET /images/rugby-short.jpg [36m304 [0m1.056 ms - -[0m
[0mGET /images/irfu.png [36m304 [0m0.903 ms - -[0m
[0mGET /javascripts/comments.js [36m304 [0m0.934 ms - -[0m
[0mGET /images/chairperson.png [36m304 [0m1.059 ms - -[0m
[0mGET /images/secretary.png [36m304 [0m0.943 ms - -[0m
[0mGET /images/treasurer.png [36m304 [0m0.942 ms - -[0m

> myfirstexpressapp@0.0.0 start /students/danu7_nj/myFirstExpressApp
> node ./bin/www

(node:8933) DeprecationWarning: current URL string parser is deprecated, and will be removed in a future version. To use the new parser, pass option { useNewUrlParser: true } to MongoClient.connect.

> myfirstexpressapp@0.0.0 start /students/danu7_nj/myFirstExpressApp
> node ./bin/www

(node:24946) DeprecationWarning: current URL string parser is deprecated, and will be removed in a future version. To use the new parser, pass option { useNewUrlParser: true } to MongoClient.connect.
[0mGET /about [36m304 [0m301.270 ms - -[0m
[0mGET /javascripts/hello.js [36m304 [0m11.650 ms - -[0m
[0mGET /stylesheets/style.css [36m304 [0m1.871 ms - -[0m
[0mGET /javascripts/example.js [36m304 [0m0.825 ms - -[0m
[0mGET /javascripts/comments.js [36m304 [0m0.872 ms - -[0m
[0mGET /images/irfu.png [36m304 [0m4.858 ms - -[0m
[0mGET /favicon.ico [33m404 [0m18.044 ms - 6675[0m
[0mGET / [36m304 [0m19.927 ms - -[0m
[0mGET /javascripts/hello.js [36m304 [0m0.761 ms - -[0m
[0mGET /stylesheets/style.css [36m304 [0m1.016 ms - -[0m
[0mGET /javascripts/example.js [36m304 [0m0.679 ms - -[0m
[0mGET /javascripts/comments.js [36m304 [0m0.712 ms - -[0m
[0mGET /images/irfu.png [36m304 [0m0.776 ms - -[0m
[0mGET /images/rugby-short.jpg [36m304 [0m0.838 ms - -[0m
[0mGET /images/chairperson.png [36m304 [0m0.706 ms - -[0m
[0mGET /images/secretary.png [36m304 [0m0.796 ms - -[0m
[0mGET /images/treasurer.png [36m304 [0m0.660 ms - -[0m
[0mGET /about [36m304 [0m7.264 ms - -[0m
[0mGET /javascripts/hello.js [36m304 [0m0.947 ms - -[0m
[0mGET /stylesheets/style.css [36m304 [0m0.740 ms - -[0m
[0mGET /javascripts/example.js [36m304 [0m0.965 ms - -[0m
[0mGET /javascripts/comments.js [36m304 [0m3.028 ms - -[0m
[0mGET /images/irfu.png [36m304 [0m0.928 ms - -[0m
[0mGET / [36m304 [0m7.186 ms - -[0m
[0mGET /javascripts/hello.js [36m304 [0m0.806 ms - -[0m
[0mGET /stylesheets/style.css [36m304 [0m0.714 ms - -[0m
[0mGET /javascripts/example.js [36m304 [0m0.745 ms - -[0m
[0mGET /javascripts/comments.js [36m304 [0m0.669 ms - -[0m
[0mGET /images/irfu.png [36m304 [0m0.866 ms - -[0m
[0mGET /images/rugby-short.jpg [36m304 [0m0.741 ms - -[0m
[0mGET /images/chairperson.png [36m304 [0m0.685 ms - -[0m
[0mGET /images/secretary.png [36m304 [0m0.644 ms - -[0m
[0mGET /images/treasurer.png [36m304 [0m0.708 ms - -[0m
[0mGET /about [36m304 [0m7.848 ms - -[0m
[0mGET /javascripts/hello.js [36m304 [0m0.812 ms - -[0m
[0mGET /stylesheets/style.css [36m304 [0m0.701 ms - -[0m
[0mGET /javascripts/example.js [36m304 [0m0.826 ms - -[0m
[0mGET /javascripts/comments.js [36m304 [0m0.801 ms - -[0m
[0mGET /images/irfu.png [36m304 [0m0.696 ms - -[0m
[0mGET / [36m304 [0m7.111 ms - -[0m
[0mGET /javascripts/hello.js [36m304 [0m0.878 ms - -[0m
[0mGET /stylesheets/style.css [36m304 [0m0.755 ms - -[0m
[0mGET /javascripts/example.js [36m304 [0m0.850 ms - -[0m
[0mGET /javascripts/comments.js [36m304 [0m0.713 ms - -[0m
[0mGET /images/irfu.png [36m304 [0m0.722 ms - -[0m
[0mGET /images/rugby-short.jpg [36m304 [0m0.764 ms - -[0m
[0mGET /images/chairperson.png [36m304 [0m0.774 ms - -[0m
[0mGET /images/secretary.png [36m304 [0m0.808 ms - -[0m
[0mGET /images/treasurer.png [36m304 [0m0.696 ms - -[0m
[0mGET /about [36m304 [0m6.987 ms - -[0m
[0mGET /javascripts/hello.js [36m304 [0m0.747 ms - -[0m
[0mGET /stylesheets/style.css [36m304 [0m0.772 ms - -[0m
[0mGET /javascripts/example.js [36m304 [0m0.821 ms - -[0m
[0mGET /images/irfu.png [36m304 [0m0.671 ms - -[0m
[0mGET /javascripts/comments.js [36m304 [0m0.712 ms - -[0m
[0mGET / [36m304 [0m6.847 ms - -[0m
[0mGET /javascripts/hello.js [36m304 [0m0.690 ms - -[0m
[0mGET /stylesheets/style.css [36m304 [0m0.735 ms - -[0m
[0mGET /javascripts/example.js [36m304 [0m0.739 ms - -[0m
[0mGET /javascripts/comments.js [36m304 [0m1.948 ms - -[0m
[0mGET /images/irfu.png [36m304 [0m0.671 ms - -[0m
[0mGET /images/rugby-short.jpg [36m304 [0m0.767 ms - -[0m
[0mGET /images/chairperson.png [36m304 [0m0.784 ms - -[0m
[0mGET /images/secretary.png [36m304 [0m0.755 ms - -[0m
[0mGET /images/treasurer.png [36m304 [0m0.714 ms - -[0m
[0mGET /about [36m304 [0m6.065 ms - -[0m
[0mGET /javascripts/hello.js [36m304 [0m0.930 ms - -[0m
[0mGET /stylesheets/style.css [36m304 [0m0.699 ms - -[0m
[0mGET /javascripts/example.js [36m304 [0m0.699 ms - -[0m
[0mGET /javascripts/comments.js [36m304 [0m0.716 ms - -[0m
[0mGET /images/irfu.png [36m304 [0m1.123 ms - -[0m
[0mGET / [36m304 [0m7.529 ms - -[0m
[0mGET /javascripts/hello.js [36m304 [0m0.701 ms - -[0m
[0mGET /stylesheets/style.css [36m304 [0m0.864 ms - -[0m
[0mGET /javascripts/example.js [36m304 [0m0.718 ms - -[0m
[0mGET /javascripts/comments.js [36m304 [0m0.980 ms - -[0m
[0mGET /images/irfu.png [36m304 [0m0.693 ms - -[0m
[0mGET /images/rugby-short.jpg [36m304 [0m0.733 ms - -[0m
[0mGET /images/chairperson.png [36m304 [0m0.791 ms - -[0m
[0mGET /images/secretary.png [36m304 [0m0.915 ms - -[0m
[0mGET /images/treasurer.png [36m304 [0m0.736 ms - -[0m
[0mGET /about [36m304 [0m6.176 ms - -[0m
[0mGET /stylesheets/style.css [36m304 [0m0.799 ms - -[0m
[0mGET /javascripts/hello.js [36m304 [0m0.716 ms - -[0m
[0mGET /javascripts/example.js [36m304 [0m0.733 ms - -[0m
[0mGET /javascripts/comments.js [36m304 [0m0.708 ms - -[0m
[0mGET /images/irfu.png [36m304 [0m0.731 ms - -[0m
[0mGET / [36m304 [0m7.907 ms - -[0m
[0mGET /javascripts/hello.js [36m304 [0m0.735 ms - -[0m
[0mGET /stylesheets/style.css [36m304 [0m0.819 ms - -[0m
[0mGET /javascripts/example.js [36m304 [0m0.766 ms - -[0m
[0mGET /javascripts/comments.js [36m304 [0m0.725 ms - -[0m
[0mGET /images/irfu.png [36m304 [0m0.700 ms - -[0m
[0mGET /images/rugby-short.jpg [36m304 [0m0.703 ms - -[0m
[0mGET /images/chairperson.png [36m304 [0m0.721 ms - -[0m
[0mGET /images/secretary.png [36m304 [0m0.730 ms - -[0m
[0mGET /images/treasurer.png [36m304 [0m0.743 ms - -[0m
Terminated
npm ERR! code ELIFECYCLE
npm ERR! errno 143
npm ERR! myfirstexpressapp@0.0.0 start: `node ./bin/www`
npm ERR! Exit status 143
npm ERR! 
npm ERR! Failed at the myfirstexpressapp@0.0.0 start script.
npm ERR! This is probably not a problem with npm. There is likely additional logging output above.

npm ERR! A complete log of this run can be found in:
npm ERR!     /students/danu7_nj/.npm/_logs/2018-11-06T15_06_37_909Z-debug.log

> myfirstexpressapp@0.0.0 start /students/danu7_nj/myFirstExpressApp
> node ./bin/www

(node:25593) DeprecationWarning: current URL string parser is deprecated, and will be removed in a future version. To use the new parser, pass option { useNewUrlParser: true } to MongoClient.connect.
[0mGET /about [36m304 [0m175.857 ms - -[0m
[0mGET /javascripts/hello.js [36m304 [0m7.216 ms - -[0m
[0mGET /stylesheets/style.css [36m304 [0m1.073 ms - -[0m
[0mGET /javascripts/example.js [36m304 [0m0.668 ms - -[0m
[0mGET /images/irfu.png [36m304 [0m0.741 ms - -[0m
[0mGET /javascripts/comments.js [36m304 [0m0.693 ms - -[0m
[0mGET / [36m304 [0m10.157 ms - -[0m
[0mGET /javascripts/hello.js [36m304 [0m0.856 ms - -[0m
[0mGET /stylesheets/style.css [36m304 [0m0.697 ms - -[0m
[0mGET /javascripts/example.js [36m304 [0m0.695 ms - -[0m
[0mGET /javascripts/comments.js [36m304 [0m0.762 ms - -[0m
[0mGET /images/irfu.png [36m304 [0m0.732 ms - -[0m
[0mGET /images/rugby-short.jpg [36m304 [0m0.685 ms - -[0m
[0mGET /images/chairperson.png [36m304 [0m0.683 ms - -[0m
[0mGET /images/secretary.png [36m304 [0m0.767 ms - -[0m
[0mGET /images/treasurer.png [36m304 [0m0.677 ms - -[0m
[0mGET /about [36m304 [0m6.650 ms - -[0m
[0mGET /javascripts/hello.js [36m304 [0m0.898 ms - -[0m
[0mGET /stylesheets/style.css [36m304 [0m0.713 ms - -[0m
[0mGET /javascripts/example.js [36m304 [0m0.687 ms - -[0m
[0mGET /javascripts/comments.js [36m304 [0m0.800 ms - -[0m
[0mGET /images/irfu.png [36m304 [0m0.869 ms - -[0m
[0mGET / [36m304 [0m7.162 ms - -[0m
[0mGET /javascripts/hello.js [36m304 [0m0.755 ms - -[0m
[0mGET /stylesheets/style.css [36m304 [0m0.848 ms - -[0m
[0mGET /javascripts/example.js [36m304 [0m0.666 ms - -[0m
[0mGET /javascripts/comments.js [36m304 [0m0.747 ms - -[0m
[0mGET /images/irfu.png [36m304 [0m0.681 ms - -[0m
[0mGET /images/rugby-short.jpg [36m304 [0m0.785 ms - -[0m
[0mGET /images/secretary.png [36m304 [0m0.786 ms - -[0m
[0mGET /images/chairperson.png [36m304 [0m0.716 ms - -[0m
[0mGET /images/treasurer.png [36m304 [0m0.686 ms - -[0m

> myfirstexpressapp@0.0.0 start /students/danu7_nj/myFirstExpressApp
> node ./bin/www

(node:25956) DeprecationWarning: current URL string parser is deprecated, and will be removed in a future version. To use the new parser, pass option { useNewUrlParser: true } to MongoClient.connect.
[0mGET /about [36m304 [0m155.918 ms - -[0m
[0mGET /javascripts/hello.js [36m304 [0m4.248 ms - -[0m
[0mGET /stylesheets/style.css [36m304 [0m1.297 ms - -[0m
[0mGET /javascripts/example.js [36m304 [0m0.738 ms - -[0m
[0mGET /javascripts/comments.js [36m304 [0m0.744 ms - -[0m
[0mGET /images/irfu.png [36m304 [0m0.611 ms - -[0m
[0mGET /about [36m304 [0m8.389 ms - -[0m
[0mGET /javascripts/hello.js [36m304 [0m0.768 ms - -[0m
[0mGET /stylesheets/style.css [36m304 [0m0.797 ms - -[0m
[0mGET /javascripts/example.js [36m304 [0m0.724 ms - -[0m
[0mGET /javascripts/comments.js [36m304 [0m0.659 ms - -[0m
[0mGET /images/irfu.png [36m304 [0m0.622 ms - -[0m
[0mGET / [36m304 [0m7.147 ms - -[0m
[0mGET /javascripts/hello.js [36m304 [0m0.733 ms - -[0m
[0mGET /stylesheets/style.css [36m304 [0m0.639 ms - -[0m
[0mGET /javascripts/example.js [36m304 [0m0.825 ms - -[0m
[0mGET /javascripts/comments.js [36m304 [0m0.705 ms - -[0m
[0mGET /images/irfu.png [36m304 [0m0.599 ms - -[0m
[0mGET /images/rugby-short.jpg [36m304 [0m0.682 ms - -[0m
[0mGET /images/chairperson.png [36m304 [0m0.811 ms - -[0m
[0mGET /images/secretary.png [36m304 [0m0.704 ms - -[0m
[0mGET /images/treasurer.png [36m304 [0m0.611 ms - -[0m
[0mGET /getComments [36m304 [0m59.855 ms - -[0m
[0mGET / [32m200 [0m24.187 ms - 11907[0m
[0mGET /stylesheets/style.css [36m304 [0m6.563 ms - -[0m
[0mGET /javascripts/example.js [36m304 [0m0.793 ms - -[0m
[0mGET /javascripts/hello.js [36m304 [0m0.617 ms - -[0m
[0mGET /javascripts/comments.js [36m304 [0m0.694 ms - -[0m
[0mGET /images/irfu.png [36m304 [0m1.433 ms - -[0m
[0mGET /images/chairperson.png [36m304 [0m0.597 ms - -[0m
[0mGET /images/secretary.png [36m304 [0m0.638 ms - -[0m
[0mGET /images/rugby-short.jpg [36m304 [0m0.649 ms - -[0m
[0mGET /images/treasurer.png [36m304 [0m0.706 ms - -[0m
[0mGET /favicon.ico [33m404 [0m18.582 ms - 6675[0m
[0mGET /about [32m200 [0m14.453 ms - 5435[0m
[0mGET /stylesheets/style.css [36m304 [0m0.642 ms - -[0m
[0mGET /javascripts/hello.js [36m304 [0m0.646 ms - -[0m
[0mGET /javascripts/comments.js [36m304 [0m0.863 ms - -[0m
[0mGET /javascripts/example.js [36m304 [0m0.628 ms - -[0m
[0mGET /images/irfu.png [36m304 [0m0.620 ms - -[0m
[0mGET /favicon.ico [33m404 [0m8.131 ms - 6675[0m
[0mGET / [36m304 [0m5.504 ms - -[0m
[0mGET /javascripts/hello.js [36m304 [0m0.752 ms - -[0m
[0mGET /images/rugby-short.jpg [36m304 [0m0.722 ms - -[0m
[0mGET /javascripts/comments.js [36m304 [0m2.300 ms - -[0m
[0mGET /stylesheets/style.css [36m304 [0m0.691 ms - -[0m
[0mGET /javascripts/example.js [36m304 [0m0.593 ms - -[0m
[0mGET /images/irfu.png [36m304 [0m0.712 ms - -[0m
[0mGET /images/chairperson.png [36m304 [0m0.615 ms - -[0m
[0mGET /images/secretary.png [36m304 [0m0.610 ms - -[0m
[0mGET /images/treasurer.png [36m304 [0m0.619 ms - -[0m
[0mGET / [32m200 [0m5.239 ms - 11907[0m
[0mGET /favicon.ico [33m404 [0m7.018 ms - 6675[0m
[0mGET / [36m304 [0m6.963 ms - -[0m
[0mGET /javascripts/hello.js [36m304 [0m0.905 ms - -[0m
[0mGET /stylesheets/style.css [36m304 [0m0.771 ms - -[0m
[0mGET /javascripts/example.js [36m304 [0m0.738 ms - -[0m
[0mGET /javascripts/comments.js [36m304 [0m0.824 ms - -[0m
[0mGET /images/irfu.png [36m304 [0m0.889 ms - -[0m
[0mGET /images/rugby-short.jpg [36m304 [0m0.743 ms - -[0m
[0mGET /images/chairperson.png [36m304 [0m0.857 ms - -[0m
[0mGET /images/secretary.png [36m304 [0m0.732 ms - -[0m
[0mGET /images/treasurer.png [36m304 [0m0.890 ms - -[0m
[0mGET / [36m304 [0m5.459 ms - -[0m
[0mGET /javascripts/hello.js [36m304 [0m0.736 ms - -[0m
[0mGET /stylesheets/style.css [36m304 [0m0.699 ms - -[0m
[0mGET /javascripts/example.js [36m304 [0m0.781 ms - -[0m
[0mGET /javascripts/comments.js [36m304 [0m0.876 ms - -[0m
[0mGET /images/irfu.png [36m304 [0m0.892 ms - -[0m
[0mGET /images/rugby-short.jpg [36m304 [0m0.677 ms - -[0m
[0mGET /images/chairperson.png [36m304 [0m0.664 ms - -[0m
[0mGET /images/secretary.png [36m304 [0m0.676 ms - -[0m
[0mGET /images/treasurer.png [36m304 [0m0.664 ms - -[0m
[0mPUT /updateComment [33m404 [0m54.487 ms - 6670[0m
[0mGET / [36m304 [0m5.481 ms - -[0m
[0mGET /javascripts/hello.js [36m304 [0m0.709 ms - -[0m
[0mGET /stylesheets/style.css [36m304 [0m0.693 ms - -[0m
[0mGET /javascripts/example.js [36m304 [0m1.251 ms - -[0m
[0mGET /javascripts/comments.js [36m304 [0m0.699 ms - -[0m
[0mGET /images/irfu.png [36m304 [0m0.901 ms - -[0m
[0mGET /images/rugby-short.jpg [36m304 [0m0.664 ms - -[0m
[0mGET /images/chairperson.png [36m304 [0m0.761 ms - -[0m
[0mGET /images/secretary.png [36m304 [0m0.661 ms - -[0m
[0mGET /images/treasurer.png [36m304 [0m0.688 ms - -[0m
[0mGET / [36m304 [0m5.634 ms - -[0m
[0mGET /javascripts/hello.js [36m304 [0m0.954 ms - -[0m
[0mGET /stylesheets/style.css [36m304 [0m0.854 ms - -[0m
[0mGET /javascripts/example.js [36m304 [0m0.943 ms - -[0m
[0mGET /javascripts/comments.js [36m304 [0m0.871 ms - -[0m
[0mGET /images/irfu.png [36m304 [0m0.689 ms - -[0m
[0mGET /images/rugby-short.jpg [36m304 [0m0.855 ms - -[0m
[0mGET /images/chairperson.png [36m304 [0m0.888 ms - -[0m
[0mGET /images/secretary.png [36m304 [0m0.669 ms - -[0m
[0mGET /images/treasurer.png [36m304 [0m0.886 ms - -[0m
Terminated
npm ERR! code ELIFECYCLE
npm ERR! errno 143
npm ERR! myfirstexpressapp@0.0.0 start: `node ./bin/www`
npm ERR! Exit status 143
npm ERR! 
npm ERR! Failed at the myfirstexpressapp@0.0.0 start script.
npm ERR! This is probably not a problem with npm. There is likely additional logging output above.

npm ERR! A complete log of this run can be found in:
npm ERR!     /students/danu7_nj/.npm/_logs/2018-11-06T21_59_45_186Z-debug.log
